[821 - Suricata-Main] 2025-06-17 17:37:33 Notice: suricata: This is Suricata version 7.0.10 RELEASE running in SYSTEM mode
[821 - Suricata-Main] 2025-06-17 17:37:33 Info: cpu: CPUs/cores online: 8
[821 - Suricata-Main] 2025-06-17 17:37:33 Info: suricata: Setting engine mode to IDS mode by default
[821 - Suricata-Main] 2025-06-17 17:37:33 Info: exception-policy: master exception-policy set to: auto
[821 - Suricata-Main] 2025-06-17 17:37:33 Info: app-layer-ftp: FTP memcap: 67108864
[821 - Suricata-Main] 2025-06-17 17:37:33 Info: coredump-config: Max dump is 0
[821 - Suricata-Main] 2025-06-17 17:37:33 Info: coredump-config: Core dump setting attempted is 0
[821 - Suricata-Main] 2025-06-17 17:37:33 Info: coredump-config: Core dump size set to 0
[821 - Suricata-Main] 2025-06-17 17:37:33 Info: logopenfile: eve-log output device (regular) initialized: eve.json
[821 - Suricata-Main] 2025-06-17 17:37:43 Info: detect: 1 rule files processed. 50518 rules successfully loaded, 0 rules failed, 0
[821 - Suricata-Main] 2025-06-17 17:37:43 Info: threshold-config: Threshold config parsed: 0 rule(s) found
[821 - Suricata-Main] 2025-06-17 17:37:43 Info: detect: 50521 signatures processed. 1228 are IP-only rules, 4346 are inspecting packet payload, 44730 inspect application layer, 109 are decoder event only
[821 - Suricata-Main] 2025-06-17 17:37:57 Info: unix-manager: unix socket '/var/run/suricata/suricata-command.socket'
[821 - Suricata-Main] 2025-06-17 17:37:57 Notice: threads: Threads created ->   Engine started.
[821 - Suricata-Main] 2025-06-17 18:07:53 Notice: suricata: This is Suricata version 7.0.10 RELEASE running in SYSTEM mode
[821 - Suricata-Main] 2025-06-17 18:07:53 Info: cpu: CPUs/cores online: 8
[821 - Suricata-Main] 2025-06-17 18:07:53 Info: suricata: Setting engine mode to IDS mode by default
[821 - Suricata-Main] 2025-06-17 18:07:53 Info: exception-policy: master exception-policy set to: auto
[821 - Suricata-Main] 2025-06-17 18:07:53 Info: app-layer-ftp: FTP memcap: 67108864
[821 - Suricata-Main] 2025-06-17 18:07:53 Info: coredump-config: Max dump is 0
[821 - Suricata-Main] 2025-06-17 18:07:53 Info: coredump-config: Core dump setting attempted is 0
[821 - Suricata-Main] 2025-06-17 18:07:53 Info: coredump-config: Core dump size set to 0
[821 - Suricata-Main] 2025-06-17 18:07:53 Info: logopenfile: eve-log output device (regular) initialized: eve.json
[821 - Suricata-Main] 2025-06-17 18:08:01 Info: detect: 1 rule files processed. 50518 rules successfully loaded, 0 rules failed, 0
[821 - Suricata-Main] 2025-06-17 18:08:01 Info: threshold-config: Threshold config parsed: 0 rule(s) found
[821 - Suricata-Main] 2025-06-17 18:08:01 Info: detect: 50521 signatures processed. 1228 are IP-only rules, 4346 are inspecting packet payload, 44730 inspect application layer, 109 are decoder event only
[821 - Suricata-Main] 2025-06-17 18:08:18 Info: unix-manager: unix socket '/var/run/suricata/suricata-command.socket'
[821 - Suricata-Main] 2025-06-17 18:08:18 Notice: threads: Threads created ->   Engine started.
[835 - US] 2025-06-17 19:08:26 Info: unix-socket: Added file '/data/pcap/processed/NBSITEID0,BACnet.pcap' to list
[835 - US] 2025-06-17 19:08:26 Info: unix-socket: pcap-file.tenant-id not set
[835 - US] 2025-06-17 19:08:26 Info: unix-socket: Starting run for '/data/pcap/processed/NBSITEID0,BACnet.pcap'
[835 - US] 2025-06-17 19:08:26 Info: logopenfile: eve-log output device (regular) initialized: eve.json
[1682 - RX#01] 2025-06-17 19:08:27 Info: pcap: Starting file run for /data/pcap/processed/NBSITEID0,BACnet.pcap
[1682 - RX#01] 2025-06-17 19:08:27 Info: checksum: No packets with invalid checksum, assuming checksum offloading is NOT used
[1682 - RX#01] 2025-06-17 19:08:28 Info: pcap: pcap file /data/pcap/processed/NBSITEID0,BACnet.pcap end of file reached (pcap err code 0)
[1682 - RX#01] 2025-06-17 19:08:28 Info: unix-socket: Marking current task as done
[835 - US] 2025-06-17 19:08:28 Info: unix-socket: Resetting engine state
[1682 - RX#01] 2025-06-17 19:08:28 Notice: pcap: read 1 file, 346818 packets, 36984540 bytes
